Arguments: 
  /Users/jones/.nvm/versions/node/v15.5.0/bin/node /usr/local/Cellar/yarn/1.22.10/libexec/bin/yarn.js init

PATH: 
  /usr/local/sbin:/Applications/MAMP/Library/bin/mysql:/Applications/MAMP/bin/php/php7.2.22/bin:/usr/local/php5/bin:/Users/jones/Library/Python/3.9/bin:/Users/jones/.yarn/bin:/Users/jones/.nvm/versions/node/v15.5.0/bin:/usr/local/bin:/usr/bin:/bin:/usr/sbin:/sbin:/usr/local/bin

Yarn version: 
  1.22.10

Node version: 
  15.5.0

Platform: 
  darwin x64

Trace: 
  Error: canceled
      at Interface.<anonymous> (/usr/local/Cellar/yarn/1.22.10/libexec/lib/cli.js:137009:13)
      at Interface.emit (node:events:376:20)
      at Interface._ttyWrite (node:readline:909:16)
      at ReadStream.onkeypress (node:readline:234:10)
      at ReadStream.emit (node:events:376:20)
      at emitKeys (node:internal/readline/utils:358:14)
      at emitKeys.next (<anonymous>)
      at ReadStream.onData (node:readline:1178:36)
      at ReadStream.emit (node:events:376:20)
      at addChunk (node:internal/streams/readable:311:12)

npm manifest: 
  No manifest

yarn manifest: 
  No manifest

Lockfile: 
  No lockfile
